<?xml version="1.0" encoding="UTF-8"?>
<!-- Generated by org.testng.reporters.JUnitReportReporter -->
<testsuite hostname="Sreenivasa" failures="0" tests="1" name="script.DemoTest2" time="4.068" errors="0" timestamp="2023-09-11T11:32:56 EDT" skipped="0">
  <testcase classname="script.DemoTest2" name="testB" time="4.068">
    <system-out>
      <![CDATA[Google]]>
    </system-out>
  </testcase> <!-- testB -->
  <system-out>
    <![CDATA[Google]]>
  </system-out>
</testsuite> <!-- script.DemoTest2 -->
