<?xml version="1.0" encoding="UTF-8"?>
<!-- Generated by org.testng.reporters.JUnitReportReporter -->
<testsuite hostname="Sreenivasa" failures="0" tests="1" name="script.DemoTest" time="11.475" errors="0" timestamp="2023-09-14T10:09:15 EDT" skipped="0">
  <testcase classname="script.DemoTest" name="testA" time="11.475">
    <system-out>
      <![CDATA[actiTIME - Login
RC:0
CC:0
value]]>
    </system-out>
  </testcase> <!-- testA -->
  <system-out>
    <![CDATA[actiTIME - Login
RC:0
CC:0
value
actiTIME - Login
actiTIME - Login
Err Msg is displayed
Home Page is displayed]]>
  </system-out>
</testsuite> <!-- script.DemoTest -->
