<?xml version="1.0" encoding="UTF-8"?>
<!-- Generated by org.testng.reporters.JUnitReportReporter -->
<testsuite hostname="Sreenivasa" failures="0" tests="1" name="script.DemoTest" time="6.582" errors="0" timestamp="2023-09-12T10:22:47 EDT" skipped="0">
  <testcase classname="script.DemoTest" name="testA" time="6.582">
    <system-out>
      <![CDATA[Google
RC:3
CC:3
valueUsername]]>
    </system-out>
  </testcase> <!-- testA -->
  <system-out>
    <![CDATA[Google
RC:3
CC:3
valueUsername]]>
  </system-out>
</testsuite> <!-- script.DemoTest -->
